<?xml version="1.0" encoding="UTF-8"?>
<!-- Generated by org.testng.reporters.JUnitReportReporter -->
<testsuite hostname="DESKTOP-GDICSB8" failures="0" tests="2" name="ClassTwo" time="12.157" errors="0" timestamp="2024-09-24T01:31:40 EET" skipped="0">
  <testcase classname="ClassTwo" name="pub" time="6.106"/>
  <system-out/>
  <testcase classname="ClassTwo" name="pubb" time="6.051"/>
  <system-out/>
</testsuite> <!-- ClassTwo -->
